<?xml version="1.0" encoding="UTF-8"?>
<coverage generated="1739821437917" clover="3.2.0">
  <project timestamp="1739821437917" name="All files">
    <metrics statements="70" coveredstatements="68" conditionals="25" coveredconditionals="21" methods="19" coveredmethods="18" elements="114" coveredelements="107" complexity="0" loc="70" ncloc="70" packages="1" files="1" classes="1"/>
    <file name="app.js" path="C:\Users\SulemanManji(ZG)\OneDrive - Zieben Foundation\Documents\GitHub\slmgt-sarp-workatsarp\js\app.js">
      <metrics statements="70" coveredstatements="68" conditionals="25" coveredconditionals="21" methods="19" coveredmethods="18"/>
      <line num="2" count="1" type="stmt"/>
      <line num="12" count="2" type="stmt"/>
      <line num="13" count="2" type="stmt"/>
      <line num="17" count="1" type="stmt"/>
      <line num="19" count="1" type="stmt"/>
      <line num="20" count="1" type="stmt"/>
      <line num="25" count="2" type="stmt"/>
      <line num="26" count="2" type="stmt"/>
      <line num="27" count="2" type="cond" truecount="2" falsecount="0"/>
      <line num="30" count="1" type="stmt"/>
      <line num="33" count="1" type="stmt"/>
      <line num="36" count="1" type="stmt"/>
      <line num="39" count="1" type="stmt"/>
      <line num="41" count="1" type="stmt"/>
      <line num="49" count="1" type="stmt"/>
      <line num="50" count="1" type="stmt"/>
      <line num="60" count="0" type="stmt"/>
      <line num="65" count="2" type="stmt"/>
      <line num="66" count="2" type="stmt"/>
      <line num="70" count="5" type="cond" truecount="4" falsecount="0"/>
      <line num="71" count="3" type="stmt"/>
      <line num="72" count="3" type="stmt"/>
      <line num="73" count="3" type="stmt"/>
      <line num="81" count="8" type="stmt"/>
      <line num="86" count="8" type="stmt"/>
      <line num="87" count="12" type="stmt"/>
      <line num="91" count="8" type="stmt"/>
      <line num="95" count="3" type="stmt"/>
      <line num="96" count="3" type="stmt"/>
      <line num="97" count="3" type="stmt"/>
      <line num="99" count="3" type="cond" truecount="2" falsecount="0"/>
      <line num="100" count="2" type="stmt"/>
      <line num="101" count="2" type="stmt"/>
      <line num="106" count="4" type="stmt"/>
      <line num="107" count="4" type="stmt"/>
      <line num="110" count="4" type="stmt"/>
      <line num="113" count="4" type="cond" truecount="2" falsecount="0"/>
      <line num="114" count="1" type="stmt"/>
      <line num="117" count="3" type="stmt"/>
      <line num="118" count="3" type="stmt"/>
      <line num="120" count="3" type="stmt"/>
      <line num="121" count="4" type="cond" truecount="2" falsecount="0"/>
      <line num="122" count="3" type="stmt"/>
      <line num="126" count="3" type="cond" truecount="2" falsecount="0"/>
      <line num="127" count="1" type="stmt"/>
      <line num="134" count="30" type="stmt"/>
      <line num="135" count="30" type="stmt"/>
      <line num="136" count="9" type="cond" truecount="2" falsecount="0"/>
      <line num="137" count="4" type="stmt"/>
      <line num="139" count="4" type="stmt"/>
      <line num="141" count="26" type="cond" truecount="2" falsecount="0"/>
      <line num="142" count="20" type="stmt"/>
      <line num="143" count="20" type="stmt"/>
      <line num="144" count="19" type="stmt"/>
      <line num="146" count="6" type="stmt"/>
      <line num="151" count="6" type="stmt"/>
      <line num="153" count="6" type="stmt"/>
      <line num="154" count="6" type="stmt"/>
      <line num="167" count="4" type="stmt"/>
      <line num="172" count="1" type="cond" truecount="1" falsecount="1"/>
      <line num="173" count="1" type="stmt"/>
      <line num="175" count="1" type="stmt"/>
      <line num="178" count="1" type="stmt"/>
      <line num="181" count="1" type="stmt"/>
      <line num="182" count="1" type="stmt"/>
      <line num="186" count="1" type="stmt"/>
      <line num="187" count="0" type="cond" truecount="0" falsecount="2"/>
      <line num="191" count="1" type="stmt"/>
      <line num="192" count="1" type="stmt"/>
      <line num="198" count="1" type="stmt"/>
    </file>
  </project>
</coverage>
