{"C:\\Users\\SulemanManji(ZG)\\OneDrive - Zieben Foundation\\Documents\\GitHub\\slmgt-sarp-workatsarp\\js\\app.js": {"path":"C:\\Users\\SulemanManji(ZG)\\OneDrive - Zieben Foundation\\Documents\\GitHub\\slmgt-sarp-workatsarp\\js\\app.js","statementMap":{"0":{"start":{"line":2,"column":15},"end":{"line":7,"column":1}},"1":{"start":{"line":12,"column":4},"end":{"line":21,"column":5}},"2":{"start":{"line":13,"column":22},"end":{"line":16,"column":7}},"3":{"start":{"line":17,"column":6},"end":{"line":17,"column":21}},"4":{"start":{"line":19,"column":6},"end":{"line":19,"column":54}},"5":{"start":{"line":20,"column":6},"end":{"line":20,"column":18}},"6":{"start":{"line":25,"column":4},"end":{"line":42,"column":5}},"7":{"start":{"line":26,"column":22},"end":{"line":26,"column":56}},"8":{"start":{"line":27,"column":6},"end":{"line":27,"column":70}},"9":{"start":{"line":27,"column":20},"end":{"line":27,"column":70}},"10":{"start":{"line":30,"column":6},"end":{"line":30,"column":39}},"11":{"start":{"line":33,"column":6},"end":{"line":33,"column":34}},"12":{"start":{"line":36,"column":6},"end":{"line":36,"column":42}},"13":{"start":{"line":39,"column":6},"end":{"line":39,"column":68}},"14":{"start":{"line":41,"column":6},"end":{"line":41,"column":57}},"15":{"start":{"line":49,"column":4},"end":{"line":61,"column":5}},"16":{"start":{"line":50,"column":6},"end":{"line":58,"column":9}},"17":{"start":{"line":60,"column":6},"end":{"line":60,"column":61}},"18":{"start":{"line":65,"column":17},"end":{"line":65,"column":41}},"19":{"start":{"line":66,"column":4},"end":{"line":66,"column":42}},"20":{"start":{"line":70,"column":4},"end":{"line":74,"column":5}},"21":{"start":{"line":71,"column":21},"end":{"line":71,"column":46}},"22":{"start":{"line":72,"column":23},"end":{"line":72,"column":67}},"23":{"start":{"line":73,"column":6},"end":{"line":73,"column":51}},"24":{"start":{"line":81,"column":4},"end":{"line":81,"column":31}},"25":{"start":{"line":86,"column":4},"end":{"line":88,"column":7}},"26":{"start":{"line":87,"column":6},"end":{"line":87,"column":69}},"27":{"start":{"line":91,"column":4},"end":{"line":91,"column":71}},"28":{"start":{"line":95,"column":4},"end":{"line":95,"column":27}},"29":{"start":{"line":96,"column":21},"end":{"line":96,"column":70}},"30":{"start":{"line":97,"column":26},"end":{"line":97,"column":59}},"31":{"start":{"line":99,"column":4},"end":{"line":102,"column":5}},"32":{"start":{"line":100,"column":6},"end":{"line":100,"column":59}},"33":{"start":{"line":101,"column":6},"end":{"line":101,"column":63}},"34":{"start":{"line":106,"column":21},"end":{"line":106,"column":62}},"35":{"start":{"line":107,"column":21},"end":{"line":107,"column":61}},"36":{"start":{"line":110,"column":4},"end":{"line":110,"column":62}},"37":{"start":{"line":110,"column":29},"end":{"line":110,"column":60}},"38":{"start":{"line":113,"column":4},"end":{"line":115,"column":5}},"39":{"start":{"line":114,"column":6},"end":{"line":114,"column":13}},"40":{"start":{"line":117,"column":22},"end":{"line":117,"column":23}},"41":{"start":{"line":118,"column":27},"end":{"line":118,"column":46}},"42":{"start":{"line":120,"column":4},"end":{"line":124,"column":7}},"43":{"start":{"line":121,"column":6},"end":{"line":123,"column":7}},"44":{"start":{"line":122,"column":8},"end":{"line":122,"column":28}},"45":{"start":{"line":126,"column":4},"end":{"line":128,"column":5}},"46":{"start":{"line":127,"column":6},"end":{"line":127,"column":52}},"47":{"start":{"line":134,"column":2},"end":{"line":147,"column":3}},"48":{"start":{"line":135,"column":21},"end":{"line":135,"column":46}},"49":{"start":{"line":136,"column":4},"end":{"line":138,"column":5}},"50":{"start":{"line":137,"column":6},"end":{"line":137,"column":64}},"51":{"start":{"line":139,"column":4},"end":{"line":139,"column":33}},"52":{"start":{"line":141,"column":4},"end":{"line":145,"column":5}},"53":{"start":{"line":142,"column":6},"end":{"line":142,"column":82}},"54":{"start":{"line":143,"column":6},"end":{"line":143,"column":62}},"55":{"start":{"line":143,"column":35},"end":{"line":143,"column":60}},"56":{"start":{"line":144,"column":6},"end":{"line":144,"column":55}},"57":{"start":{"line":146,"column":4},"end":{"line":146,"column":16}},"58":{"start":{"line":151,"column":2},"end":{"line":151,"column":47}},"59":{"start":{"line":153,"column":2},"end":{"line":168,"column":3}},"60":{"start":{"line":154,"column":4},"end":{"line":165,"column":7}},"61":{"start":{"line":167,"column":4},"end":{"line":167,"column":56}},"62":{"start":{"line":172,"column":0},"end":{"line":195,"column":1}},"63":{"start":{"line":173,"column":2},"end":{"line":194,"column":5}},"64":{"start":{"line":175,"column":16},"end":{"line":175,"column":39}},"65":{"start":{"line":178,"column":4},"end":{"line":178,"column":30}},"66":{"start":{"line":181,"column":4},"end":{"line":183,"column":7}},"67":{"start":{"line":182,"column":6},"end":{"line":182,"column":35}},"68":{"start":{"line":186,"column":4},"end":{"line":188,"column":6}},"69":{"start":{"line":187,"column":6},"end":{"line":187,"column":49}},"70":{"start":{"line":191,"column":4},"end":{"line":193,"column":7}},"71":{"start":{"line":192,"column":6},"end":{"line":192,"column":60}},"72":{"start":{"line":198,"column":0},"end":{"line":205,"column":2}}},"fnMap":{"0":{"name":"(anonymous_0)","decl":{"start":{"line":11,"column":2},"end":{"line":11,"column":3}},"loc":{"start":{"line":11,"column":37},"end":{"line":22,"column":3}},"line":11},"1":{"name":"(anonymous_1)","decl":{"start":{"line":24,"column":2},"end":{"line":24,"column":3}},"loc":{"start":{"line":24,"column":49},"end":{"line":43,"column":3}},"line":24},"2":{"name":"(anonymous_2)","decl":{"start":{"line":48,"column":2},"end":{"line":48,"column":3}},"loc":{"start":{"line":48,"column":48},"end":{"line":62,"column":3}},"line":48},"3":{"name":"(anonymous_3)","decl":{"start":{"line":64,"column":2},"end":{"line":64,"column":3}},"loc":{"start":{"line":64,"column":25},"end":{"line":67,"column":3}},"line":64},"4":{"name":"(anonymous_4)","decl":{"start":{"line":69,"column":2},"end":{"line":69,"column":3}},"loc":{"start":{"line":69,"column":28},"end":{"line":75,"column":3}},"line":69},"5":{"name":"(anonymous_5)","decl":{"start":{"line":80,"column":2},"end":{"line":80,"column":3}},"loc":{"start":{"line":80,"column":16},"end":{"line":82,"column":3}},"line":80},"6":{"name":"(anonymous_6)","decl":{"start":{"line":84,"column":2},"end":{"line":84,"column":3}},"loc":{"start":{"line":84,"column":24},"end":{"line":92,"column":3}},"line":84},"7":{"name":"(anonymous_7)","decl":{"start":{"line":86,"column":58},"end":{"line":86,"column":59}},"loc":{"start":{"line":86,"column":66},"end":{"line":88,"column":5}},"line":86},"8":{"name":"(anonymous_8)","decl":{"start":{"line":94,"column":2},"end":{"line":94,"column":3}},"loc":{"start":{"line":94,"column":24},"end":{"line":103,"column":3}},"line":94},"9":{"name":"(anonymous_9)","decl":{"start":{"line":105,"column":2},"end":{"line":105,"column":3}},"loc":{"start":{"line":105,"column":20},"end":{"line":129,"column":3}},"line":105},"10":{"name":"(anonymous_10)","decl":{"start":{"line":110,"column":21},"end":{"line":110,"column":22}},"loc":{"start":{"line":110,"column":29},"end":{"line":110,"column":60}},"line":110},"11":{"name":"(anonymous_11)","decl":{"start":{"line":120,"column":21},"end":{"line":120,"column":22}},"loc":{"start":{"line":120,"column":41},"end":{"line":124,"column":5}},"line":120},"12":{"name":"fetchWithRetry","decl":{"start":{"line":133,"column":15},"end":{"line":133,"column":29}},"loc":{"start":{"line":133,"column":73},"end":{"line":148,"column":1}},"line":133},"13":{"name":"(anonymous_13)","decl":{"start":{"line":143,"column":24},"end":{"line":143,"column":25}},"loc":{"start":{"line":143,"column":35},"end":{"line":143,"column":60}},"line":143},"14":{"name":"logError","decl":{"start":{"line":150,"column":15},"end":{"line":150,"column":23}},"loc":{"start":{"line":150,"column":45},"end":{"line":169,"column":1}},"line":150},"15":{"name":"(anonymous_15)","decl":{"start":{"line":173,"column":48},"end":{"line":173,"column":49}},"loc":{"start":{"line":173,"column":54},"end":{"line":194,"column":3}},"line":173},"16":{"name":"(anonymous_16)","decl":{"start":{"line":181,"column":36},"end":{"line":181,"column":37}},"loc":{"start":{"line":181,"column":42},"end":{"line":183,"column":5}},"line":181},"17":{"name":"(anonymous_17)","decl":{"start":{"line":186,"column":21},"end":{"line":186,"column":22}},"loc":{"start":{"line":186,"column":64},"end":{"line":188,"column":5}},"line":186},"18":{"name":"(anonymous_18)","decl":{"start":{"line":191,"column":50},"end":{"line":191,"column":51}},"loc":{"start":{"line":191,"column":59},"end":{"line":193,"column":5}},"line":191}},"branchMap":{"0":{"loc":{"start":{"line":27,"column":6},"end":{"line":27,"column":70}},"type":"if","locations":[{"start":{"line":27,"column":6},"end":{"line":27,"column":70}},{"start":{},"end":{}}],"line":27},"1":{"loc":{"start":{"line":48,"column":37},"end":{"line":48,"column":46}},"type":"default-arg","locations":[{"start":{"line":48,"column":44},"end":{"line":48,"column":46}}],"line":48},"2":{"loc":{"start":{"line":70,"column":4},"end":{"line":74,"column":5}},"type":"if","locations":[{"start":{"line":70,"column":4},"end":{"line":74,"column":5}},{"start":{},"end":{}}],"line":70},"3":{"loc":{"start":{"line":70,"column":8},"end":{"line":70,"column":55}},"type":"binary-expr","locations":[{"start":{"line":70,"column":8},"end":{"line":70,"column":26}},{"start":{"line":70,"column":30},"end":{"line":70,"column":55}}],"line":70},"4":{"loc":{"start":{"line":99,"column":4},"end":{"line":102,"column":5}},"type":"if","locations":[{"start":{"line":99,"column":4},"end":{"line":102,"column":5}},{"start":{},"end":{}}],"line":99},"5":{"loc":{"start":{"line":113,"column":4},"end":{"line":115,"column":5}},"type":"if","locations":[{"start":{"line":113,"column":4},"end":{"line":115,"column":5}},{"start":{},"end":{}}],"line":113},"6":{"loc":{"start":{"line":121,"column":6},"end":{"line":123,"column":7}},"type":"if","locations":[{"start":{"line":121,"column":6},"end":{"line":123,"column":7}},{"start":{},"end":{}}],"line":121},"7":{"loc":{"start":{"line":126,"column":4},"end":{"line":128,"column":5}},"type":"if","locations":[{"start":{"line":126,"column":4},"end":{"line":128,"column":5}},{"start":{},"end":{}}],"line":126},"8":{"loc":{"start":{"line":133,"column":44},"end":{"line":133,"column":71}},"type":"default-arg","locations":[{"start":{"line":133,"column":54},"end":{"line":133,"column":71}}],"line":133},"9":{"loc":{"start":{"line":136,"column":4},"end":{"line":138,"column":5}},"type":"if","locations":[{"start":{"line":136,"column":4},"end":{"line":138,"column":5}},{"start":{},"end":{}}],"line":136},"10":{"loc":{"start":{"line":141,"column":4},"end":{"line":145,"column":5}},"type":"if","locations":[{"start":{"line":141,"column":4},"end":{"line":145,"column":5}},{"start":{},"end":{}}],"line":141},"11":{"loc":{"start":{"line":150,"column":31},"end":{"line":150,"column":43}},"type":"default-arg","locations":[{"start":{"line":150,"column":41},"end":{"line":150,"column":43}}],"line":150},"12":{"loc":{"start":{"line":172,"column":0},"end":{"line":195,"column":1}},"type":"if","locations":[{"start":{"line":172,"column":0},"end":{"line":195,"column":1}},{"start":{},"end":{}}],"line":172},"13":{"loc":{"start":{"line":187,"column":15},"end":{"line":187,"column":31}},"type":"binary-expr","locations":[{"start":{"line":187,"column":15},"end":{"line":187,"column":20}},{"start":{"line":187,"column":24},"end":{"line":187,"column":31}}],"line":187}},"s":{"0":1,"1":2,"2":2,"3":1,"4":1,"5":1,"6":2,"7":2,"8":2,"9":1,"10":1,"11":1,"12":1,"13":1,"14":1,"15":1,"16":1,"17":0,"18":2,"19":2,"20":5,"21":3,"22":3,"23":3,"24":8,"25":8,"26":12,"27":8,"28":3,"29":3,"30":3,"31":3,"32":2,"33":2,"34":4,"35":4,"36":4,"37":4,"38":4,"39":1,"40":3,"41":3,"42":3,"43":4,"44":3,"45":3,"46":1,"47":30,"48":30,"49":9,"50":4,"51":4,"52":26,"53":20,"54":20,"55":20,"56":19,"57":6,"58":6,"59":6,"60":6,"61":4,"62":1,"63":1,"64":1,"65":1,"66":1,"67":1,"68":1,"69":0,"70":1,"71":1,"72":1},"f":{"0":2,"1":2,"2":1,"3":2,"4":5,"5":8,"6":8,"7":12,"8":3,"9":4,"10":4,"11":4,"12":30,"13":20,"14":6,"15":1,"16":1,"17":0,"18":1},"b":{"0":[1,1],"1":[0],"2":[3,2],"3":[5,4],"4":[2,1],"5":[1,3],"6":[3,1],"7":[1,2],"8":[11],"9":[4,4],"10":[20,6],"11":[1],"12":[1,0],"13":[0,0]},"_coverageSchema":"1a1c01bbd47fc00a2c39e90264f33305004495a9","hash":"a7240de39a6733ac8d9fc900eb9474fdb3ee1223"}
}
