TN:
SF:js\app.js
FN:11,(anonymous_0)
FN:24,(anonymous_1)
FN:48,(anonymous_2)
FN:64,(anonymous_3)
FN:69,(anonymous_4)
FN:80,(anonymous_5)
FN:84,(anonymous_6)
FN:86,(anonymous_7)
FN:94,(anonymous_8)
FN:105,(anonymous_9)
FN:110,(anonymous_10)
FN:120,(anonymous_11)
FN:133,fetchWithRetry
FN:143,(anonymous_13)
FN:150,logError
FN:173,(anonymous_15)
FN:181,(anonymous_16)
FN:186,(anonymous_17)
FN:191,(anonymous_18)
FNF:19
FNH:18
FNDA:2,(anonymous_0)
FNDA:2,(anonymous_1)
FNDA:1,(anonymous_2)
FNDA:2,(anonymous_3)
FNDA:5,(anonymous_4)
FNDA:8,(anonymous_5)
FNDA:8,(anonymous_6)
FNDA:12,(anonymous_7)
FNDA:3,(anonymous_8)
FNDA:4,(anonymous_9)
FNDA:4,(anonymous_10)
FNDA:4,(anonymous_11)
FNDA:30,fetchWithRetry
FNDA:20,(anonymous_13)
FNDA:6,logError
FNDA:1,(anonymous_15)
FNDA:1,(anonymous_16)
FNDA:0,(anonymous_17)
FNDA:1,(anonymous_18)
DA:2,1
DA:12,2
DA:13,2
DA:17,1
DA:19,1
DA:20,1
DA:25,2
DA:26,2
DA:27,2
DA:30,1
DA:33,1
DA:36,1
DA:39,1
DA:41,1
DA:49,1
DA:50,1
DA:60,0
DA:65,2
DA:66,2
DA:70,5
DA:71,3
DA:72,3
DA:73,3
DA:81,8
DA:86,8
DA:87,12
DA:91,8
DA:95,3
DA:96,3
DA:97,3
DA:99,3
DA:100,2
DA:101,2
DA:106,4
DA:107,4
DA:110,4
DA:113,4
DA:114,1
DA:117,3
DA:118,3
DA:120,3
DA:121,4
DA:122,3
DA:126,3
DA:127,1
DA:134,30
DA:135,30
DA:136,9
DA:137,4
DA:139,4
DA:141,26
DA:142,20
DA:143,20
DA:144,19
DA:146,6
DA:151,6
DA:153,6
DA:154,6
DA:167,4
DA:172,1
DA:173,1
DA:175,1
DA:178,1
DA:181,1
DA:182,1
DA:186,1
DA:187,0
DA:191,1
DA:192,1
DA:198,1
LF:70
LH:68
BRDA:27,0,0,1
BRDA:27,0,1,1
BRDA:48,1,0,0
BRDA:70,2,0,3
BRDA:70,2,1,2
BRDA:70,3,0,5
BRDA:70,3,1,4
BRDA:99,4,0,2
BRDA:99,4,1,1
BRDA:113,5,0,1
BRDA:113,5,1,3
BRDA:121,6,0,3
BRDA:121,6,1,1
BRDA:126,7,0,1
BRDA:126,7,1,2
BRDA:133,8,0,11
BRDA:136,9,0,4
BRDA:136,9,1,4
BRDA:141,10,0,20
BRDA:141,10,1,6
BRDA:150,11,0,1
BRDA:172,12,0,1
BRDA:172,12,1,0
BRDA:187,13,0,0
BRDA:187,13,1,0
BRF:25
BRH:21
end_of_record
